<?xml version="1.0" encoding="UTF-8"?>
<!-- Generated by org.testng.reporters.JUnitReportReporter -->
<testsuite skipped="0" hostname="LAPTOP-K2SQSIJN" name="Dependency.regression" tests="3" failures="0" timestamp="2021-07-01T19:33:49 IST" time="0.003" errors="0">
  <testcase name="compose" time="0.001" classname="Dependency.regression"/>
  <system-out/>
  <testcase name="sent" time="0.001" classname="Dependency.regression"/>
  <system-out/>
  <testcase name="sentitems" time="0.001" classname="Dependency.regression"/>
  <system-out/>
</testsuite> <!-- Dependency.regression -->
